INFO:     Will watch for changes in these directories: ['/Users/satishkumar.attada/Desktop/satish/digital-twin/retail_asset_helpdesk/frontend']
INFO:     Uvicorn running on http://127.0.0.1:8000 (Press CTRL+C to quit)
INFO:     Started reloader process [21967] using WatchFiles
Process SpawnProcess-1:
Traceback (most recent call last):
  File "/Library/Developer/CommandLineTools/Library/Frameworks/Python3.framework/Versions/3.9/lib/python3.9/multiprocessing/process.py", line 315, in _bootstrap
    self.run()
  File "/Library/Developer/CommandLineTools/Library/Frameworks/Python3.framework/Versions/3.9/lib/python3.9/multiprocessing/process.py", line 108, in run
    self._target(*self._args, **self._kwargs)
  File "/Users/satishkumar.attada/Desktop/satish/digital-twin/retail_asset_helpdesk/backend/venv/lib/python3.9/site-packages/uvicorn/_subprocess.py", line 78, in subprocess_started
    target(sockets=sockets)
  File "/Users/satishkumar.attada/Desktop/satish/digital-twin/retail_asset_helpdesk/backend/venv/lib/python3.9/site-packages/uvicorn/server.py", line 62, in run
    return asyncio.run(self.serve(sockets=sockets))
  File "/Library/Developer/CommandLineTools/Library/Frameworks/Python3.framework/Versions/3.9/lib/python3.9/asyncio/runners.py", line 44, in run
    return loop.run_until_complete(main)
  File "uvloop/loop.pyx", line 1518, in uvloop.loop.Loop.run_until_complete
  File "/Users/satishkumar.attada/Desktop/satish/digital-twin/retail_asset_helpdesk/backend/venv/lib/python3.9/site-packages/uvicorn/server.py", line 69, in serve
    config.load()
  File "/Users/satishkumar.attada/Desktop/satish/digital-twin/retail_asset_helpdesk/backend/venv/lib/python3.9/site-packages/uvicorn/config.py", line 458, in load
    self.loaded_app = import_from_string(self.app)
  File "/Users/satishkumar.attada/Desktop/satish/digital-twin/retail_asset_helpdesk/backend/venv/lib/python3.9/site-packages/uvicorn/importer.py", line 24, in import_from_string
    raise exc from None
  File "/Users/satishkumar.attada/Desktop/satish/digital-twin/retail_asset_helpdesk/backend/venv/lib/python3.9/site-packages/uvicorn/importer.py", line 21, in import_from_string
    module = importlib.import_module(module_str)
  File "/Library/Developer/CommandLineTools/Library/Frameworks/Python3.framework/Versions/3.9/lib/python3.9/importlib/__init__.py", line 127, in import_module
    return _bootstrap._gcd_import(name[level:], package, level)
  File "<frozen importlib._bootstrap>", line 1030, in _gcd_import
  File "<frozen importlib._bootstrap>", line 1007, in _find_and_load
  File "<frozen importlib._bootstrap>", line 972, in _find_and_load_unlocked
  File "<frozen importlib._bootstrap>", line 228, in _call_with_frames_removed
  File "<frozen importlib._bootstrap>", line 1030, in _gcd_import
  File "<frozen importlib._bootstrap>", line 1007, in _find_and_load
  File "<frozen importlib._bootstrap>", line 984, in _find_and_load_unlocked
ModuleNotFoundError: No module named 'app'
INFO:     Stopping reloader process [21967]
